<?xml version="1.0" encoding="UTF-8"?>
<testsuite name="com.ewerk.gradle.plugins.tasks.QuerydslCompileTest" tests="2" skipped="0" failures="0" errors="0" timestamp="2017-07-15T05:34:16" hostname="ZJLs-MacBook-Pro.local" time="0.08">
  <properties/>
  <testcase name="testIncludes" classname="com.ewerk.gradle.plugins.tasks.QuerydslCompileTest" time="0.019"/>
  <testcase name="testIncludes" classname="com.ewerk.gradle.plugins.tasks.QuerydslCompileTest" time="0.001"/>
  <system-out><![CDATA[]]></system-out>
  <system-err><![CDATA[]]></system-err>
</testsuite>
