<?xml version="1.0" encoding="UTF-8"?>
<testsuite name="com.C0dEr.gradle.plugins.tasks.QuerydslCompileTest" tests="2" skipped="0" failures="0" errors="0" timestamp="2017-07-15T06:25:09" hostname="ZJLs-MacBook-Pro.local" time="0.069">
  <properties/>
  <testcase name="testIncludes" classname="com.C0dEr.gradle.plugins.tasks.QuerydslCompileTest" time="0.018"/>
  <testcase name="testIncludes" classname="com.C0dEr.gradle.plugins.tasks.QuerydslCompileTest" time="0.0"/>
  <system-out><![CDATA[]]></system-out>
  <system-err><![CDATA[]]></system-err>
</testsuite>
